INFO 2020-02-20 05:36:19,499 autoreload 597 Watching for file changes with StatReloader
INFO 2020-02-20 23:52:27,087 autoreload 597 Watching for file changes with StatReloader
INFO 2020-02-20 23:54:28,216 autoreload 597 Watching for file changes with StatReloader
INFO 2020-02-21 00:34:34,556 autoreload 597 Watching for file changes with StatReloader
INFO 2020-02-21 00:35:30,154 autoreload 597 Watching for file changes with StatReloader
INFO 2020-02-21 00:43:04,064 autoreload 597 Watching for file changes with StatReloader
INFO 2020-02-21 00:44:11,775 autoreload 597 Watching for file changes with StatReloader
INFO 2020-02-21 00:47:20,069 autoreload 217 /home/pyvip/.virtualenvs/mylog_env/lib/python3.5/site-packages/django/db/backends/mysql/base.py changed, reloading.
INFO 2020-02-21 00:47:21,187 autoreload 597 Watching for file changes with StatReloader
INFO 2020-02-21 00:47:39,554 autoreload 597 Watching for file changes with StatReloader
INFO 2020-02-21 00:51:00,656 autoreload 217 /home/pyvip/.virtualenvs/mylog_env/lib/python3.5/site-packages/django/db/backends/mysql/operations.py changed, reloading.
INFO 2020-02-21 00:51:01,609 autoreload 597 Watching for file changes with StatReloader
INFO 2020-02-21 00:51:07,451 autoreload 597 Watching for file changes with StatReloader
INFO 2020-02-21 00:58:30,743 autoreload 217 /home/pyvip/MyBlog/MyBlog/settings.py changed, reloading.
INFO 2020-02-21 00:58:31,694 autoreload 597 Watching for file changes with StatReloader
INFO 2020-02-21 01:00:58,890 autoreload 217 /home/pyvip/MyBlog/MyBlog/settings.py changed, reloading.
INFO 2020-02-21 01:00:59,840 autoreload 597 Watching for file changes with StatReloader
INFO 2020-02-21 01:01:14,653 autoreload 217 /home/pyvip/MyBlog/MyBlog/settings.py changed, reloading.
INFO 2020-02-21 01:01:15,701 autoreload 597 Watching for file changes with StatReloader
INFO 2020-02-21 01:01:18,280 autoreload 217 /home/pyvip/MyBlog/MyBlog/settings.py changed, reloading.
INFO 2020-02-21 01:01:19,321 autoreload 597 Watching for file changes with StatReloader
INFO 2020-02-21 01:01:35,184 autoreload 217 /home/pyvip/MyBlog/MyBlog/settings.py changed, reloading.
INFO 2020-02-21 01:01:36,190 autoreload 597 Watching for file changes with StatReloader
INFO 2020-02-21 01:05:01,092 autoreload 217 /home/pyvip/MyBlog/MyBlog/settings.py changed, reloading.
INFO 2020-02-21 01:05:01,999 autoreload 597 Watching for file changes with StatReloader
INFO 2020-02-24 01:03:53,052 autoreload 597 Watching for file changes with StatReloader
INFO 2020-02-24 01:37:09,018 autoreload 597 Watching for file changes with StatReloader
INFO 2020-02-24 01:37:26,605 autoreload 597 Watching for file changes with StatReloader
INFO 2020-02-24 01:41:45,813 autoreload 217 /home/pyvip/MyBlog/MyBlog/settings.py changed, reloading.
INFO 2020-02-24 01:41:46,958 autoreload 597 Watching for file changes with StatReloader
WARNING 2020-02-24 01:43:23,805 log 228 Not Found: /test1/home/
WARNING 2020-02-24 01:43:23,807 basehttp 154 "GET /test1/home/ HTTP/1.1" 404 2027
INFO 2020-02-24 01:43:29,431 basehttp 154 "GET / HTTP/1.1" 200 17461
WARNING 2020-02-24 01:43:29,531 basehttp 154 "GET /static/css/base/reset.css HTTP/1.1" 404 1683
INFO 2020-02-24 01:43:29,532 basehttp 154 "GET /static/css/base/side.css HTTP/1.1" 200 4428
WARNING 2020-02-24 01:43:29,539 basehttp 154 "GET /static/css/base/common.css HTTP/1.1" 404 1686
WARNING 2020-02-24 01:43:29,571 basehttp 154 "GET /static/css/news/index.css HTTP/1.1" 404 1683
WARNING 2020-02-24 01:43:29,572 basehttp 154 "GET /static/images/linux.jpg HTTP/1.1" 404 1677
WARNING 2020-02-24 01:43:29,583 basehttp 154 "GET /static/images/python_gui.jpg HTTP/1.1" 404 1692
WARNING 2020-02-24 01:43:29,724 log 228 Not Found: /MyBlog_Static/js/base/common.js
WARNING 2020-02-24 01:43:29,736 basehttp 154 "GET /MyBlog_Static/js/base/common.js HTTP/1.1" 404 2092
WARNING 2020-02-24 01:43:29,732 log 228 Not Found: /MyBlog_Static/js/index.js
WARNING 2020-02-24 01:43:29,740 basehttp 154 "GET /MyBlog_Static/js/index.js HTTP/1.1" 404 2074
WARNING 2020-02-24 01:43:29,781 basehttp 154 "GET /static/images/python_function.jpg HTTP/1.1" 404 1707
WARNING 2020-02-24 01:43:29,782 basehttp 154 "GET /static/images/python_advanced.jpg HTTP/1.1" 404 1707
WARNING 2020-02-24 01:43:29,789 basehttp 154 "GET /static/images/jichujiaochen.jpeg HTTP/1.1" 404 1704
WARNING 2020-02-24 01:43:29,791 basehttp 154 "GET /static/images/english.jpg HTTP/1.1" 404 1683
WARNING 2020-02-24 01:43:29,793 basehttp 154 "GET /static/images/wechat.jpg HTTP/1.1" 404 1680
WARNING 2020-02-24 01:43:29,794 basehttp 154 "GET /static/images/python_web.jpg HTTP/1.1" 404 1692
WARNING 2020-02-24 01:43:29,929 log 228 Not Found: /MyBlog_Static/js/base/common.js
WARNING 2020-02-24 01:43:29,931 basehttp 154 "GET /MyBlog_Static/js/base/common.js HTTP/1.1" 404 2092
WARNING 2020-02-24 01:43:29,949 log 228 Not Found: /MyBlog_Static/js/index.js
WARNING 2020-02-24 01:43:29,950 basehttp 154 "GET /MyBlog_Static/js/index.js HTTP/1.1" 404 2074
WARNING 2020-02-24 01:43:30,009 log 228 Not Found: /favicon.ico
WARNING 2020-02-24 01:43:30,011 basehttp 154 "GET /favicon.ico HTTP/1.1" 404 2032
WARNING 2020-02-24 01:43:41,017 log 228 Not Found: /news/
WARNING 2020-02-24 01:43:41,018 basehttp 154 "GET /news/ HTTP/1.1" 404 2014
WARNING 2020-02-24 01:43:49,711 log 228 Not Found: /news/index
WARNING 2020-02-24 01:43:49,712 basehttp 154 "GET /news/index HTTP/1.1" 404 2029
WARNING 2020-02-24 01:43:56,313 log 228 Not Found: /index
WARNING 2020-02-24 01:43:56,320 basehttp 154 "GET /index HTTP/1.1" 404 2014
INFO 2020-02-24 01:44:02,362 basehttp 154 "GET / HTTP/1.1" 200 17461
WARNING 2020-02-24 01:44:02,438 basehttp 154 "GET /static/css/base/common.css HTTP/1.1" 404 1686
WARNING 2020-02-24 01:44:02,439 basehttp 154 "GET /static/css/base/reset.css HTTP/1.1" 404 1683
WARNING 2020-02-24 01:44:02,460 basehttp 154 "GET /static/css/news/index.css HTTP/1.1" 404 1683
WARNING 2020-02-24 01:44:02,471 basehttp 154 "GET /static/images/linux.jpg HTTP/1.1" 404 1677
WARNING 2020-02-24 01:44:02,476 basehttp 154 "GET /static/images/python_gui.jpg HTTP/1.1" 404 1692
WARNING 2020-02-24 01:44:02,528 log 228 Not Found: /MyBlog_Static/js/base/common.js
WARNING 2020-02-24 01:44:02,549 basehttp 154 "GET /MyBlog_Static/js/base/common.js HTTP/1.1" 404 2092
WARNING 2020-02-24 01:44:02,537 log 228 Not Found: /MyBlog_Static/js/index.js
WARNING 2020-02-24 01:44:02,564 basehttp 154 "GET /MyBlog_Static/js/index.js HTTP/1.1" 404 2074
WARNING 2020-02-24 01:44:02,550 basehttp 154 "GET /static/images/python_advanced.jpg HTTP/1.1" 404 1707
WARNING 2020-02-24 01:44:02,562 basehttp 154 "GET /static/images/jichujiaochen.jpeg HTTP/1.1" 404 1704
WARNING 2020-02-24 01:44:02,538 basehttp 154 "GET /static/images/python_function.jpg HTTP/1.1" 404 1707
WARNING 2020-02-24 01:44:02,595 basehttp 154 "GET /static/images/english.jpg HTTP/1.1" 404 1683
WARNING 2020-02-24 01:44:02,606 basehttp 154 "GET /static/images/wechat.jpg HTTP/1.1" 404 1680
WARNING 2020-02-24 01:44:02,606 basehttp 154 "GET /static/images/python_web.jpg HTTP/1.1" 404 1692
WARNING 2020-02-24 01:44:02,611 log 228 Not Found: /MyBlog_Static/js/base/common.js
WARNING 2020-02-24 01:44:02,612 basehttp 154 "GET /MyBlog_Static/js/base/common.js HTTP/1.1" 404 2092
WARNING 2020-02-24 01:44:02,629 log 228 Not Found: /MyBlog_Static/js/index.js
WARNING 2020-02-24 01:44:02,630 basehttp 154 "GET /MyBlog_Static/js/index.js HTTP/1.1" 404 2074
